<?xml version="1.0" encoding="UTF-8"?>
<!-- Generated by org.testng.reporters.JUnitReportReporter -->
<testsuite hostname="BASAMMA" failures="0" tests="1" name="testClasses.LoginTest_002" time="7.444" errors="0" timestamp="2024-11-27T17:45:06 IST" skipped="0">
  <testcase classname="testClasses.LoginTest_002" name="logintestCase" time="7.444"/>
  <system-out/>
</testsuite> <!-- testClasses.LoginTest_002 -->
